  [1m[36m (43.4ms)[0m  [1mCREATE TABLE "schema_migrations" ("version" character varying(255) NOT NULL) [0m
  [1m[35m (13.3ms)[0m  CREATE UNIQUE INDEX  "unique_schema_migrations" ON "schema_migrations"  ("version")
  [1m[36mActiveRecord::SchemaMigration Load (1.1ms)[0m  [1mSELECT "schema_migrations".* FROM "schema_migrations"[0m
Migrating to DeviseCreateUsers (20140827202950)
  [1m[35m (0.9ms)[0m  BEGIN
  [1m[36m (27.1ms)[0m  [1mCREATE TABLE "users" ("id" serial primary key, "email" character varying(255) DEFAULT '' NOT NULL, "encrypted_password" character varying(255) DEFAULT '' NOT NULL, "reset_password_token" character varying(255), "reset_password_sent_at" timestamp, "remember_created_at" timestamp, "sign_in_count" integer DEFAULT 0, "current_sign_in_at" timestamp, "last_sign_in_at" timestamp, "current_sign_in_ip" character varying(255), "last_sign_in_ip" character varying(255), "first_name" character varying(255), "last_name" character varying(255), "cohort_animal" character varying(255), "cohort_year" integer, "created_at" timestamp, "updated_at" timestamp) [0m
  [1m[35m (3.1ms)[0m  CREATE UNIQUE INDEX  "index_users_on_email" ON "users"  ("email")
  [1m[36m (1.5ms)[0m  [1mCREATE UNIQUE INDEX  "index_users_on_reset_password_token" ON "users"  ("reset_password_token")[0m
  [1m[35mSQL (1.8ms)[0m  INSERT INTO "schema_migrations" ("version") VALUES ($1)  [["version", "20140827202950"]]
  [1m[36m (0.7ms)[0m  [1mCOMMIT[0m
  [1m[35mActiveRecord::SchemaMigration Load (3.6ms)[0m  SELECT "schema_migrations".* FROM "schema_migrations"


Started GET "/users/sign_up" for 127.0.0.1 at 2014-08-27 15:40:26 -0500
  [1m[36mActiveRecord::SchemaMigration Load (0.7ms)[0m  [1mSELECT "schema_migrations".* FROM "schema_migrations"[0m
Processing by Devise::RegistrationsController#new as HTML
  Rendered /Users/sabani/.rvm/gems/ruby-2.1.1/gems/devise-3.0.4/app/views/devise/shared/_links.erb (2.5ms)
  Rendered /Users/sabani/.rvm/gems/ruby-2.1.1/gems/devise-3.0.4/app/views/devise/registrations/new.html.erb within layouts/application (78.5ms)
Completed 200 OK in 1037ms (Views: 999.2ms | ActiveRecord: 4.1ms)


Started GET "/assets/jquery.js?body=1" for 127.0.0.1 at 2014-08-27 15:40:27 -0500


Started GET "/assets/jquery_ujs.js?body=1" for 127.0.0.1 at 2014-08-27 15:40:27 -0500


Started GET "/assets/turbolinks.js?body=1" for 127.0.0.1 at 2014-08-27 15:40:27 -0500


Started GET "/assets/application.js?body=1" for 127.0.0.1 at 2014-08-27 15:40:27 -0500


Started GET "/assets/application.css?body=1" for 127.0.0.1 at 2014-08-27 15:40:27 -0500


Started POST "/users" for 127.0.0.1 at 2014-08-27 15:40:53 -0500
Processing by Devise::RegistrationsController#create as HTML
  Parameters: {"utf8"=>"✓", "authenticity_token"=>"TCc+6AWcCdDfKrNryzVbO7tWAcTqawPYwMZmSBSoMXQ=", "user"=>{"email"=>"asdf@asdf.com", "password"=>"[FILTERED]", "password_confirmation"=>"[FILTERED]"}, "commit"=>"Sign up"}
  [1m[35m (0.3ms)[0m  BEGIN
  [1m[36mUser Exists (6.9ms)[0m  [1mSELECT  1 AS one FROM "users"  WHERE "users"."email" = 'asdf@asdf.com' LIMIT 1[0m
  [1m[35m (0.2ms)[0m  ROLLBACK
  Rendered /Users/sabani/.rvm/gems/ruby-2.1.1/gems/devise-3.0.4/app/views/devise/shared/_links.erb (0.7ms)
  Rendered /Users/sabani/.rvm/gems/ruby-2.1.1/gems/devise-3.0.4/app/views/devise/registrations/new.html.erb within layouts/application (7.9ms)
Completed 200 OK in 180ms (Views: 16.0ms | ActiveRecord: 7.5ms)
